Watauga_HY_TN                                27116.951
Wilbur_HY_TN                                     0.000
SouthHolston_HY_TN                           19822.365
Boone_HY_TN                                  31151.467
FortPatrick_HY_TN                            20121.831
Cherokee_HY_TN                               64191.716
Douglas_HY_TN                                65365.185
FortLoudoun_HY_TN                           101019.804
Fontana_HY_NC                               179703.869
Norris_HY_TN                                100651.718
MeltonHill_HY_TN                             26045.493
WattsBar_HY_TN                              126452.110
Chatuge_HY_NC                                 5742.615
Nottely_HY_GA                                 9652.459
Hiwassee_HY_NC                               36555.233
Apalachia_HY_TN                              63368.181
BlueRidge_HY_GA                               9190.827
Ocoee3_HY_TN                                 22157.699
Ocoee1_HY_TN                                 10664.935
Chickamauga_HY_TN                           115572.058
RaccoonMt_Storage_TN                        261931.315
Nickajack_HY_TN                              95592.173
Guntersville_HY_AL                           93011.176
TimsFord_HY_TN                               10515.823
Wheeler_HY_AL                               127129.103
Wilson_HY_AL                                184566.246
PickwickLanding_HY_TN                       131632.769
Kentucky_HY_KY                              148577.257
