Watauga Reservoir                            468.908
Wilbur Reservoir                               0.330
SHolston Reservoir                           532.251
Boone Reservoir                               77.958
FtPatrick Reservoir                           26.900
Cherokee Reservoir                           901.478
Douglas Reservoir                            326.292
FtLoudoun Reservoir                          307.277
Fontana Reservoir                            896.659
Norris Reservoir                            1557.655
MeltonH Reservoir                            121.498
WattsBar Reservoir                           979.196
Chatuge Reservoir                            151.746
Nottely Reservoir                             69.434
Hiwassee Reservoir                           288.095
Apalachia Reservoir                           57.800
BlueRidge Reservoir                           99.925
Ocoee3 Reservoir                               4.180
Ocoee1 Reservoir                              56.384
Chikamauga Reservoir                         419.582
RacoonMt Reservoir                            10.298
Nikajack Reservoir                           310.500
Guntersville Reservoir                      1052.000
TimsFord Reservoir                           361.260
Wheeler Reservoir                            720.001
Wilson Reservoir                             640.200
Pickwick Reservoir                           684.359
Kentucky Reservoir                          2400.056
