Watauga_HY_TN                                12259.284   11091.578   16086.594
Wilbur_HY_TN                                     0.000       1.410     241.508
SouthHolston_HY_TN                           13106.049   14793.812   12915.383
Boone_HY_TN                                  18749.971   14929.407   12340.062
FortPatrick_HY_TN                            11485.069    7061.537   10715.263
Cherokee_HY_TN                               39622.301   43729.161   56740.503
Douglas_HY_TN                                36315.125   25939.610   32987.742
FortLoudoun_HY_TN                            62348.893   47453.108   84934.046
Fontana_HY_NC                               130001.812  109500.124  119678.885
Norris_HY_TN                                 77767.600   58931.126   62829.483
MeltonHill_HY_TN                             11989.912   16543.148   18573.723
WattsBar_HY_TN                               51770.608   45264.864   73229.945
Chatuge_HY_NC                                 1285.573    1340.752    2998.303
Nottely_HY_GA                                 3032.774    2138.259    3685.552
Hiwassee_HY_NC                               15735.588   16088.797   23420.867
Apalachia_HY_TN                              32532.749   33468.171   50424.244
BlueRidge_HY_GA                               3687.707    2035.996    3176.354
Ocoee3_HY_TN                                 11586.094    8516.354   10029.949
Ocoee1_HY_TN                                  4618.596    3500.056    4097.935
Chickamauga_HY_TN                            50649.125   45142.030   70803.570
RaccoonMt_Storage_TN                        257492.988  305140.518  315473.137
Nickajack_HY_TN                              41689.733   37928.916   57971.174
Guntersville_HY_AL                           43485.050   36361.626   57422.855
TimsFord_HY_TN                                1185.237    1219.684     990.636
Wheeler_HY_AL                                53290.243   47229.440   70700.260
Wilson_HY_AL                                 83245.734   74042.659  112660.872
PickwickLanding_HY_TN                        56641.566   52159.521   74570.359
Kentucky_HY_KY                               57750.408   58773.480   68066.836
