Watauga Reservoir                            519.538   502.221   457.425
Wilbur Reservoir                               0.188     0.715     0.715
SHolston Reservoir                           564.353   514.524   462.427
Boone Reservoir                              122.156    88.165    45.000
FtPatrick Reservoir                            4.753    18.244    22.713
Cherokee Reservoir                           994.278   849.376   555.438
Douglas Reservoir                            689.859   564.798   228.838
FtLoudoun Reservoir                          330.243   393.000   366.237
Fontana Reservoir                           1017.867   847.922   593.187
Norris Reservoir                            1673.960  1455.170  1145.109
MeltonH Reservoir                            126.000   124.153   126.000
WattsBar Reservoir                          1175.000  1175.000  1175.000
Chatuge Reservoir                            191.472   186.976   165.828
Nottely Reservoir                            118.520   111.943    91.619
Hiwassee Reservoir                           297.285   269.804   215.236
Apalachia Reservoir                           53.334    54.169    54.801
BlueRidge Reservoir                          148.344   143.324   123.572
Ocoee3 Reservoir                               3.521     3.552     3.505
Ocoee1 Reservoir                              79.190    79.845    77.742
Chikamauga Reservoir                         588.044   616.771   597.822
RacoonMt Reservoir                            20.489    18.091    21.483
Nikajack Reservoir                           239.202   243.300   236.749
Guntersville Reservoir                       968.826   997.457   984.391
TimsFord Reservoir                           444.060   440.753   433.747
Wheeler Reservoir                            986.190   996.586  1028.596
Wilson Reservoir                             630.002   629.662   633.380
Pickwick Reservoir                           886.086   895.169   887.200
Kentucky Reservoir                          2735.859  2538.000  2484.627
