Watauga_HY_TN                                11666.312
Wilbur_HY_TN                                    18.446
SouthHolston_HY_TN                           12726.945
Boone_HY_TN                                  11944.242
FortPatrick_HY_TN                             8028.220
Cherokee_HY_TN                               23990.751
Douglas_HY_TN                                28389.291
FortLoudoun_HY_TN                            47648.242
Fontana_HY_NC                                88772.801
Norris_HY_TN                                 45725.431
MeltonHill_HY_TN                             11878.470
WattsBar_HY_TN                               52649.683
Chatuge_HY_NC                                 1285.573
Nottely_HY_GA                                 3032.774
Hiwassee_HY_NC                               15735.588
Apalachia_HY_TN                              32532.749
BlueRidge_HY_GA                               3687.707
Ocoee3_HY_TN                                 11586.094
Ocoee1_HY_TN                                  4618.596
Chickamauga_HY_TN                            50649.125
RaccoonMt_Storage_TN                        257492.988
Nickajack_HY_TN                              41689.733
Guntersville_HY_AL                           43485.050
TimsFord_HY_TN                                1185.237
Wheeler_HY_AL                                53290.243
Wilson_HY_AL                                 83245.734
PickwickLanding_HY_TN                        56641.566
Kentucky_HY_KY                               57750.408
