    1     521.540
    2       0.504
    3     566.160
    4     181.743
    5      25.254
    6    1021.817
    7     772.308
    8     351.293
    9    1114.547
   10    1833.286
   11     112.854
   12     982.687
   13     191.472
   14     118.520
   15     297.285
   16      53.334
   17     148.344
   18       3.521
   19      79.190
   20     588.044
   21      20.489
   22     239.202
   23     968.826
   24     444.060
   25     986.190
   26     630.002
   27     886.086
   28    2735.859
